qq epta
Server listening on port  4200
новый чат:  4 c 4
new user created:  username 213  login 123
new user created:  username 134  login 13241234
new user created:  username 


м  login 0
новый чат:  31 c 31
новый чат:  12 c 12
new user created:  username jone  login jone
новый чат:  32 c 32
qq epta
Server listening on port  4200
qq epta
Server listening on port  4200
qq epta
Server listening on port  4200
qq epta
Server listening on port  4200
qq epta
Server listening on port  4200
qq epta
Server listening on port  4200
qq epta
Server listening on port  4200
qq epta
Server listening on port  4200
qq epta
Server listening on port  4200
qq epta
Server listening on port  4200
Сервер слушает на порту 4200
Сервер слушает на порту 4200
Сервер слушает на порту 4200
Сервер слушает на порту 4200
new user created:  username Alex   login qwertyuiop
new user created:  username alex  login qwerty
new user created:  username alex123  login qweqwe
new user created:  username alex  login alex
новый чат:  1 c 1
новый чат:  1 c 1
новый чат:  1 c 1
новый чат:  1 c 1
новый чат:  1 c 1
новый чат:  1 c 1
Сервер слушает на порту 4200
Сервер слушает на порту 4200
Сервер слушает на порту 4200
Сервер слушает на порту 4200
